starting build

**********************************************************************

Test build
build xv6 using make

**********************************************************************
Trying to build project using make
make
gcc  -I include -nostdinc -Wall -Werror -ggdb -fno-pic -fno-builtin -fno-strict-aliasing -fno-stack-protector -m32 \
		-M -MG user/usertests.c -MF user/usertests.d -MT user/usertests.d -MT user/usertests.o
gcc  -I include -nostdinc -Wall -Werror -ggdb -fno-pic -fno-builtin -fno-strict-aliasing -fno-stack-protector -m32 -c -o user/usertests.o user/usertests.c
ld  -m    elf_i386 -nostdlib --omagic --entry=main --section-start=.text=0x0 --output=user/bin/usertests user/usertests.o user/threadlib.o user/ulib.o user/usys.o user/printf.o user/umalloc.o
cp user/bin/usertests fs/usertests
./tools/mkfs fs.img fs
used 29 (bit 1 ninode 26) free 29 total 1024
stressfs
cat
rm
ls
mkdir
clone
zombie
wc
init
kill
sh
grep
usertests
README
ln
tester
echo
forktest
balloc: first 459 blocks have been allocated
balloc: write bitmap block at sector 28
rm user/bin/usertests


test build PASSED
 (build xv6 using make)

starting clone

**********************************************************************

Test clone
clone and verify that address space is shared

**********************************************************************
Running xv6 user progam /u/c/s/cs537-1/ta/tests/4b/tests/clone.c
Trying to build project using make
make
gcc  -I include -nostdinc -Wall -Werror -ggdb -fno-pic -fno-builtin -fno-strict-aliasing -fno-stack-protector -m32 \
		-M -MG user/tester.c -MF user/tester.d -MT user/tester.d -MT user/tester.o
gcc  -I include -nostdinc -Wall -Werror -ggdb -fno-pic -fno-builtin -fno-strict-aliasing -fno-stack-protector -m32 -c -o user/tester.o user/tester.c
ld  -m    elf_i386 -nostdlib --omagic --entry=main --section-start=.text=0x0 --output=user/bin/tester user/tester.o user/threadlib.o user/ulib.o user/usys.o user/printf.o user/umalloc.o
cp user/bin/tester fs/tester
./tools/mkfs fs.img fs
used 29 (bit 1 ninode 26) free 29 total 1024
stressfs
cat
rm
ls
mkdir
clone
zombie
wc
init
kill
sh
grep
usertests
README
ln
tester
echo
forktest
balloc: first 460 blocks have been allocated
balloc: write bitmap block at sector 28
rm user/bin/tester
make qemu-nox 
Ctrl+a h for help
/u/c/s/cs537-2/ta/tools/qemu -nographic -hdb fs.img xv6.img -smp 2
Could not open option rom 'sgabios.bin': No such file or directory
xv6...
lapicinit: 1 0xfee00000
cpu1: starting
cpu0: starting
init: starting sh
$ tester
tester
TEST PASSED
$ 

test clone PASSED (9 of 9)
 (clone and verify that address space is shared)

starting badclone

**********************************************************************

Test badclone
clone with bad stack argument

**********************************************************************
Running xv6 user progam /u/c/s/cs537-1/ta/tests/4b/tests/badclone.c
Trying to build project using make
make
gcc  -I include -nostdinc -Wall -Werror -ggdb -fno-pic -fno-builtin -fno-strict-aliasing -fno-stack-protector -m32 \
		-M -MG user/tester.c -MF user/tester.d -MT user/tester.d -MT user/tester.o
gcc  -I include -nostdinc -Wall -Werror -ggdb -fno-pic -fno-builtin -fno-strict-aliasing -fno-stack-protector -m32 -c -o user/tester.o user/tester.c
ld  -m    elf_i386 -nostdlib --omagic --entry=main --section-start=.text=0x0 --output=user/bin/tester user/tester.o user/threadlib.o user/ulib.o user/usys.o user/printf.o user/umalloc.o
cp user/bin/tester fs/tester
./tools/mkfs fs.img fs
used 29 (bit 1 ninode 26) free 29 total 1024
stressfs
cat
rm
ls
mkdir
clone
zombie
wc
init
kill
sh
grep
usertests
README
ln
tester
echo
forktest
balloc: first 461 blocks have been allocated
balloc: write bitmap block at sector 28
rm user/bin/tester
make qemu-nox 
Ctrl+a h for help
/u/c/s/cs537-2/ta/tools/qemu -nographic -hdb fs.img xv6.img -smp 2
Could not open option rom 'sgabios.bin': No such file or directory
xv6...
lapicinit: 1 0xfee00000
cpu1: starting
cpu0: starting
init: starting sh
$ tester
tester
not page aligned: 32772
sp > sz
TEST PASSED


test badclone PASSED (6 of 6)
 (clone with bad stack argument)

starting join4

**********************************************************************

Test join4
join, not wait, should handle threads

**********************************************************************
Running xv6 user progam /u/c/s/cs537-1/ta/tests/4b/tests/join4.c
Trying to build project using make
make
gcc  -I include -nostdinc -Wall -Werror -ggdb -fno-pic -fno-builtin -fno-strict-aliasing -fno-stack-protector -m32 \
		-M -MG user/tester.c -MF user/tester.d -MT user/tester.d -MT user/tester.o
gcc  -I include -nostdinc -Wall -Werror -ggdb -fno-pic -fno-builtin -fno-strict-aliasing -fno-stack-protector -m32 -c -o user/tester.o user/tester.c
ld  -m    elf_i386 -nostdlib --omagic --entry=main --section-start=.text=0x0 --output=user/bin/tester user/tester.o user/threadlib.o user/ulib.o user/usys.o user/printf.o user/umalloc.o
cp user/bin/tester fs/tester
./tools/mkfs fs.img fs
used 29 (bit 1 ninode 26) free 29 total 1024
stressfs
cat
rm
ls
mkdir
clone
zombie
wc
init
kill
sh
grep
usertests
README
ln
tester
echo
forktest
balloc: first 462 blocks have been allocated
balloc: write bitmap block at sector 28
rm user/bin/tester
make qemu-nox 
Ctrl+a h for help
/u/c/s/cs537-2/ta/tools/qemu -nographic -hdb fs.img xv6.img -smp 2
Could not open option rom 'sgabios.bin': No such file or directory
xv6...
lapicinit: 1 0xfee00000
cpu1: starting
cpu0: starting
init: starting sh
$ tester
tester
TEST PASSED


test join4 PASSED (3 of 3)
 (join, not wait, should handle threads)

starting thread2

**********************************************************************

Test thread2
memory leaks from thread library?

**********************************************************************
Running xv6 user progam /u/c/s/cs537-1/ta/tests/4b/tests/thread2.c
Trying to build project using make
make
gcc  -I include -nostdinc -Wall -Werror -ggdb -fno-pic -fno-builtin -fno-strict-aliasing -fno-stack-protector -m32 \
		-M -MG user/tester.c -MF user/tester.d -MT user/tester.d -MT user/tester.o
gcc  -I include -nostdinc -Wall -Werror -ggdb -fno-pic -fno-builtin -fno-strict-aliasing -fno-stack-protector -m32 -c -o user/tester.o user/tester.c
ld  -m    elf_i386 -nostdlib --omagic --entry=main --section-start=.text=0x0 --output=user/bin/tester user/tester.o user/threadlib.o user/ulib.o user/usys.o user/printf.o user/umalloc.o
cp user/bin/tester fs/tester
./tools/mkfs fs.img fs
used 29 (bit 1 ninode 26) free 29 total 1024
stressfs
cat
rm
ls
mkdir
clone
zombie
wc
init
kill
sh
grep
usertests
README
ln
tester
echo
forktest
balloc: first 461 blocks have been allocated
balloc: write bitmap block at sector 28
rm user/bin/tester
make qemu-nox 
Ctrl+a h for help
/u/c/s/cs537-2/ta/tools/qemu -nographic -hdb fs.img xv6.img -smp 2
Could not open option rom 'sgabios.bin': No such file or directory
xv6...
lapicinit: 1 0xfee00000
cpu1: starting
cpu0: starting
init: starting sh
$ tester
tester


test thread2 FAILED (0 of 7)
 (memory leaks from thread library?)
 Timelimit (10.0s) exceeded

starting join3

**********************************************************************

Test join3
join should not handle child processes (forked)

**********************************************************************
Running xv6 user progam /u/c/s/cs537-1/ta/tests/4b/tests/join3.c
Trying to build project using make
make
gcc  -I include -nostdinc -Wall -Werror -ggdb -fno-pic -fno-builtin -fno-strict-aliasing -fno-stack-protector -m32 \
		-M -MG user/tester.c -MF user/tester.d -MT user/tester.d -MT user/tester.o
gcc  -I include -nostdinc -Wall -Werror -ggdb -fno-pic -fno-builtin -fno-strict-aliasing -fno-stack-protector -m32 -c -o user/tester.o user/tester.c
ld  -m    elf_i386 -nostdlib --omagic --entry=main --section-start=.text=0x0 --output=user/bin/tester user/tester.o user/threadlib.o user/ulib.o user/usys.o user/printf.o user/umalloc.o
cp user/bin/tester fs/tester
./tools/mkfs fs.img fs
used 29 (bit 1 ninode 26) free 29 total 1024
stressfs
cat
rm
ls
mkdir
clone
zombie
wc
init
kill
sh
grep
usertests
README
ln
tester
echo
forktest
balloc: first 460 blocks have been allocated
balloc: write bitmap block at sector 28
rm user/bin/tester
make qemu-nox 
Ctrl+a h for help
/u/c/s/cs537-2/ta/tools/qemu -nographic -hdb fs.img xv6.img -smp 2
Could not open option rom 'sgabios.bin': No such file or directory
xv6...
lapicinit: 1 0xfee00000
cpu1: starting
cpu0: starting
init: starting sh
$ tester
tester


test join3 FAILED (0 of 3)
 (join should not handle child processes (forked))
 Timelimit (10.0s) exceeded

starting join2

**********************************************************************

Test join2
join argument checking

**********************************************************************
Running xv6 user progam /u/c/s/cs537-1/ta/tests/4b/tests/join2.c
Trying to build project using make
make
gcc  -I include -nostdinc -Wall -Werror -ggdb -fno-pic -fno-builtin -fno-strict-aliasing -fno-stack-protector -m32 \
		-M -MG user/tester.c -MF user/tester.d -MT user/tester.d -MT user/tester.o
gcc  -I include -nostdinc -Wall -Werror -ggdb -fno-pic -fno-builtin -fno-strict-aliasing -fno-stack-protector -m32 -c -o user/tester.o user/tester.c
ld  -m    elf_i386 -nostdlib --omagic --entry=main --section-start=.text=0x0 --output=user/bin/tester user/tester.o user/threadlib.o user/ulib.o user/usys.o user/printf.o user/umalloc.o
cp user/bin/tester fs/tester
./tools/mkfs fs.img fs
used 29 (bit 1 ninode 26) free 29 total 1024
stressfs
cat
rm
ls
mkdir
clone
zombie
wc
init
kill
sh
grep
usertests
README
ln
tester
echo
forktest
balloc: first 462 blocks have been allocated
balloc: write bitmap block at sector 28
rm user/bin/tester
make qemu-nox 
Ctrl+a h for help
/u/c/s/cs537-2/ta/tools/qemu -nographic -hdb fs.img xv6.img -smp 2
Could not open option rom 'sgabios.bin': No such file or directory
xv6...
lapicinit: 1 0xfee00000
cpu1: starting
cpu0: starting
init: starting sh
$ tester
tester
unexpected trap 14 from cpu 1 eip 10420b (cr2=0xb001)
cpu1: panic: trap
 106333 105fdd 105ddc 104f9f 1061e9 105fdd 0 0 0 0

test join2 FAILED (0 of 6)
 (join argument checking)
 xv6 kernel panic

starting clone3

**********************************************************************

Test clone3
clone copies file descriptors, but doesn't share

**********************************************************************
Running xv6 user progam /u/c/s/cs537-1/ta/tests/4b/tests/clone3.c
Trying to build project using make
make
gcc  -I include -nostdinc -Wall -Werror -ggdb -fno-pic -fno-builtin -fno-strict-aliasing -fno-stack-protector -m32 \
		-M -MG user/tester.c -MF user/tester.d -MT user/tester.d -MT user/tester.o
gcc  -I include -nostdinc -Wall -Werror -ggdb -fno-pic -fno-builtin -fno-strict-aliasing -fno-stack-protector -m32 -c -o user/tester.o user/tester.c
ld  -m    elf_i386 -nostdlib --omagic --entry=main --section-start=.text=0x0 --output=user/bin/tester user/tester.o user/threadlib.o user/ulib.o user/usys.o user/printf.o user/umalloc.o
cp user/bin/tester fs/tester
./tools/mkfs fs.img fs
used 29 (bit 1 ninode 26) free 29 total 1024
stressfs
cat
rm
ls
mkdir
clone
zombie
wc
init
kill
sh
grep
usertests
README
ln
tester
echo
forktest
balloc: first 462 blocks have been allocated
balloc: write bitmap block at sector 28
rm user/bin/tester
make qemu-nox 
Ctrl+a h for help
/u/c/s/cs537-2/ta/tools/qemu -nographic -hdb fs.img xv6.img -smp 2
Could not open option rom 'sgabios.bin': No such file or directory
xv6...
lapicinit: 1 0xfee00000
cpu1: starting
cpu0: starting
init: starting sh
$ tester
tester
TEST PASSED


test clone3 PASSED (3 of 3)
 (clone copies file descriptors, but doesn't share)

starting clone2

**********************************************************************

Test clone2
clone and play with the argument

**********************************************************************
Running xv6 user progam /u/c/s/cs537-1/ta/tests/4b/tests/clone2.c
Trying to build project using make
make
gcc  -I include -nostdinc -Wall -Werror -ggdb -fno-pic -fno-builtin -fno-strict-aliasing -fno-stack-protector -m32 \
		-M -MG user/tester.c -MF user/tester.d -MT user/tester.d -MT user/tester.o
gcc  -I include -nostdinc -Wall -Werror -ggdb -fno-pic -fno-builtin -fno-strict-aliasing -fno-stack-protector -m32 -c -o user/tester.o user/tester.c
ld  -m    elf_i386 -nostdlib --omagic --entry=main --section-start=.text=0x0 --output=user/bin/tester user/tester.o user/threadlib.o user/ulib.o user/usys.o user/printf.o user/umalloc.o
cp user/bin/tester fs/tester
./tools/mkfs fs.img fs
used 29 (bit 1 ninode 26) free 29 total 1024
stressfs
cat
rm
ls
mkdir
clone
zombie
wc
init
kill
sh
grep
usertests
README
ln
tester
echo
forktest
balloc: first 461 blocks have been allocated
balloc: write bitmap block at sector 28
rm user/bin/tester
make qemu-nox 
Ctrl+a h for help
/u/c/s/cs537-2/ta/tools/qemu -nographic -hdb fs.img xv6.img -smp 2
Could not open option rom 'sgabios.bin': No such file or directory
xv6...
lapicinit: 1 0xfee00000
cpu1: starting
cpu0: starting
init: starting sh
$ tester
tester
TEST PASSED


test clone2 PASSED (6 of 6)
 (clone and play with the argument)

starting stack

**********************************************************************

Test stack
set up stack correctly (and without extra items)

**********************************************************************
Running xv6 user progam /u/c/s/cs537-1/ta/tests/4b/tests/stack.c
Trying to build project using make
make
gcc  -I include -nostdinc -Wall -Werror -ggdb -fno-pic -fno-builtin -fno-strict-aliasing -fno-stack-protector -m32 \
		-M -MG user/tester.c -MF user/tester.d -MT user/tester.d -MT user/tester.o
gcc  -I include -nostdinc -Wall -Werror -ggdb -fno-pic -fno-builtin -fno-strict-aliasing -fno-stack-protector -m32 -c -o user/tester.o user/tester.c
ld  -m    elf_i386 -nostdlib --omagic --entry=main --section-start=.text=0x0 --output=user/bin/tester user/tester.o user/threadlib.o user/ulib.o user/usys.o user/printf.o user/umalloc.o
cp user/bin/tester fs/tester
./tools/mkfs fs.img fs
used 29 (bit 1 ninode 26) free 29 total 1024
stressfs
cat
rm
ls
mkdir
clone
zombie
wc
init
kill
sh
grep
usertests
README
ln
tester
echo
forktest
balloc: first 461 blocks have been allocated
balloc: write bitmap block at sector 28
rm user/bin/tester
make qemu-nox 
Ctrl+a h for help
/u/c/s/cs537-2/ta/tools/qemu -nographic -hdb fs.img xv6.img -smp 2
Could not open option rom 'sgabios.bin': No such file or directory
xv6...
lapicinit: 1 0xfee00000
cpu1: starting
cpu0: starting
init: starting sh
$ tester
tester
TEST PASSED
$ 

test stack PASSED (8 of 8)
 (set up stack correctly (and without extra items))

starting size

**********************************************************************

Test size
check that address space size is updated in threads

**********************************************************************
Running xv6 user progam /u/c/s/cs537-1/ta/tests/4b/tests/size.c
Trying to build project using make
make
gcc  -I include -nostdinc -Wall -Werror -ggdb -fno-pic -fno-builtin -fno-strict-aliasing -fno-stack-protector -m32 \
		-M -MG user/tester.c -MF user/tester.d -MT user/tester.d -MT user/tester.o
gcc  -I include -nostdinc -Wall -Werror -ggdb -fno-pic -fno-builtin -fno-strict-aliasing -fno-stack-protector -m32 -c -o user/tester.o user/tester.c
ld  -m    elf_i386 -nostdlib --omagic --entry=main --section-start=.text=0x0 --output=user/bin/tester user/tester.o user/threadlib.o user/ulib.o user/usys.o user/printf.o user/umalloc.o
cp user/bin/tester fs/tester
./tools/mkfs fs.img fs
used 29 (bit 1 ninode 26) free 29 total 1024
stressfs
cat
rm
ls
mkdir
clone
zombie
wc
init
kill
sh
grep
usertests
README
ln
tester
echo
forktest
balloc: first 462 blocks have been allocated
balloc: write bitmap block at sector 28
rm user/bin/tester
make qemu-nox 
Ctrl+a h for help
/u/c/s/cs537-2/ta/tools/qemu -nographic -hdb fs.img xv6.img -smp 2
Could not open option rom 'sgabios.bin': No such file or directory
xv6...
lapicinit: 1 0xfee00000
cpu1: starting
cpu0: starting
init: starting sh
$ tester
tester
user/tester.c: 79 assert failed ((unsigned int)sbrk(0) == size)
TEST FAILED


test size FAILED (0 of 7)
 (check that address space size is updated in threads)
 tester failed

starting multi

**********************************************************************

Test multi
multiple threads with some depth of function calls

**********************************************************************
Running xv6 user progam /u/c/s/cs537-1/ta/tests/4b/tests/multi.c
Trying to build project using make
make
gcc  -I include -nostdinc -Wall -Werror -ggdb -fno-pic -fno-builtin -fno-strict-aliasing -fno-stack-protector -m32 \
		-M -MG user/tester.c -MF user/tester.d -MT user/tester.d -MT user/tester.o
gcc  -I include -nostdinc -Wall -Werror -ggdb -fno-pic -fno-builtin -fno-strict-aliasing -fno-stack-protector -m32 -c -o user/tester.o user/tester.c
ld  -m    elf_i386 -nostdlib --omagic --entry=main --section-start=.text=0x0 --output=user/bin/tester user/tester.o user/threadlib.o user/ulib.o user/usys.o user/printf.o user/umalloc.o
cp user/bin/tester fs/tester
./tools/mkfs fs.img fs
used 29 (bit 1 ninode 26) free 29 total 1024
stressfs
cat
rm
ls
mkdir
clone
zombie
wc
init
kill
sh
grep
usertests
README
ln
tester
echo
forktest
balloc: first 463 blocks have been allocated
balloc: write bitmap block at sector 28
rm user/bin/tester
make qemu-nox 
Ctrl+a h for help
/u/c/s/cs537-2/ta/tools/qemu -nographic -hdb fs.img xv6.img -smp 2
Could not open option rom 'sgabios.bin': No such file or directory
xv6...
lapicinit: 1 0xfee00000
cpu1: starting
cpu0: starting
init: starting sh
$ tester
tester


test multi FAILED (0 of 8)
 (multiple threads with some depth of function calls)
 Timelimit (10.0s) exceeded

starting noexit

**********************************************************************

Test noexit
no exit call in thread, should trap at bogus address

**********************************************************************
Running xv6 user progam /u/c/s/cs537-1/ta/tests/4b/tests/noexit.c
Trying to build project using make
make
gcc  -I include -nostdinc -Wall -Werror -ggdb -fno-pic -fno-builtin -fno-strict-aliasing -fno-stack-protector -m32 \
		-M -MG user/tester.c -MF user/tester.d -MT user/tester.d -MT user/tester.o
gcc  -I include -nostdinc -Wall -Werror -ggdb -fno-pic -fno-builtin -fno-strict-aliasing -fno-stack-protector -m32 -c -o user/tester.o user/tester.c
ld  -m    elf_i386 -nostdlib --omagic --entry=main --section-start=.text=0x0 --output=user/bin/tester user/tester.o user/threadlib.o user/ulib.o user/usys.o user/printf.o user/umalloc.o
cp user/bin/tester fs/tester
./tools/mkfs fs.img fs
used 29 (bit 1 ninode 26) free 29 total 1024
stressfs
cat
rm
ls
mkdir
clone
zombie
wc
init
kill
sh
grep
usertests
README
ln
tester
echo
forktest
balloc: first 461 blocks have been allocated
balloc: write bitmap block at sector 28
rm user/bin/tester
make qemu-nox 
Ctrl+a h for help
/u/c/s/cs537-2/ta/tools/qemu -nographic -hdb fs.img xv6.img -smp 2
Could not open option rom 'sgabios.bin': No such file or directory
xv6...
lapicinit: 1 0xfee00000
cpu1: starting
cpu0: starting
init: starting sh
$ tester
tester
pid 4 tester: trap 14 err 5 on cpu 1 eip 0xffffffff addr 0xffffffff--kill proc
TEST PASSED


test noexit PASSED (7 of 7)
 (no exit call in thread, should trap at bogus address)

starting join

**********************************************************************

Test join
clone and join syscalls

**********************************************************************
Running xv6 user progam /u/c/s/cs537-1/ta/tests/4b/tests/join.c
Trying to build project using make
make
gcc  -I include -nostdinc -Wall -Werror -ggdb -fno-pic -fno-builtin -fno-strict-aliasing -fno-stack-protector -m32 \
		-M -MG user/tester.c -MF user/tester.d -MT user/tester.d -MT user/tester.o
gcc  -I include -nostdinc -Wall -Werror -ggdb -fno-pic -fno-builtin -fno-strict-aliasing -fno-stack-protector -m32 -c -o user/tester.o user/tester.c
ld  -m    elf_i386 -nostdlib --omagic --entry=main --section-start=.text=0x0 --output=user/bin/tester user/tester.o user/threadlib.o user/ulib.o user/usys.o user/printf.o user/umalloc.o
cp user/bin/tester fs/tester
./tools/mkfs fs.img fs
used 29 (bit 1 ninode 26) free 29 total 1024
stressfs
cat
rm
ls
mkdir
clone
zombie
wc
init
kill
sh
grep
usertests
README
ln
tester
echo
forktest
balloc: first 462 blocks have been allocated
balloc: write bitmap block at sector 28
rm user/bin/tester
make qemu-nox 
Ctrl+a h for help
/u/c/s/cs537-2/ta/tools/qemu -nographic -hdb fs.img xv6.img -smp 2
Could not open option rom 'sgabios.bin': No such file or directory
xv6...
lapicinit: 1 0xfee00000
cpu1: starting
cpu0: starting
init: starting sh
$ tester
tester
TEST PASSED


test join PASSED (9 of 9)
 (clone and join syscalls)

starting thread

**********************************************************************

Test thread
thread user library functions

**********************************************************************
Running xv6 user progam /u/c/s/cs537-1/ta/tests/4b/tests/thread.c
Trying to build project using make
make
gcc  -I include -nostdinc -Wall -Werror -ggdb -fno-pic -fno-builtin -fno-strict-aliasing -fno-stack-protector -m32 \
		-M -MG user/tester.c -MF user/tester.d -MT user/tester.d -MT user/tester.o
gcc  -I include -nostdinc -Wall -Werror -ggdb -fno-pic -fno-builtin -fno-strict-aliasing -fno-stack-protector -m32 -c -o user/tester.o user/tester.c
ld  -m    elf_i386 -nostdlib --omagic --entry=main --section-start=.text=0x0 --output=user/bin/tester user/tester.o user/threadlib.o user/ulib.o user/usys.o user/printf.o user/umalloc.o
cp user/bin/tester fs/tester
./tools/mkfs fs.img fs
used 29 (bit 1 ninode 26) free 29 total 1024
stressfs
cat
rm
ls
mkdir
clone
zombie
wc
init
kill
sh
grep
usertests
README
ln
tester
echo
forktest
balloc: first 461 blocks have been allocated
balloc: write bitmap block at sector 28
rm user/bin/tester
make qemu-nox 
Ctrl+a h for help
/u/c/s/cs537-2/ta/tools/qemu -nographic -hdb fs.img xv6.img -smp 2
Could not open option rom 'sgabios.bin': No such file or directory
xv6...
lapicinit: 1 0xfee00000
cpu1: starting
cpu0: starting
init: starting sh
$ tester
tester
TEST PASSED
$ 

test thread PASSED (10 of 10)
 (thread user library functions)

starting locks

**********************************************************************

Test locks
test lock correctness

**********************************************************************
Running xv6 user progam /u/c/s/cs537-1/ta/tests/4b/tests/locks.c
Trying to build project using make
make
gcc  -I include -nostdinc -Wall -Werror -ggdb -fno-pic -fno-builtin -fno-strict-aliasing -fno-stack-protector -m32 \
		-M -MG user/tester.c -MF user/tester.d -MT user/tester.d -MT user/tester.o
gcc  -I include -nostdinc -Wall -Werror -ggdb -fno-pic -fno-builtin -fno-strict-aliasing -fno-stack-protector -m32 -c -o user/tester.o user/tester.c
ld  -m    elf_i386 -nostdlib --omagic --entry=main --section-start=.text=0x0 --output=user/bin/tester user/tester.o user/threadlib.o user/ulib.o user/usys.o user/printf.o user/umalloc.o
cp user/bin/tester fs/tester
./tools/mkfs fs.img fs
used 29 (bit 1 ninode 26) free 29 total 1024
stressfs
cat
rm
ls
mkdir
clone
zombie
wc
init
kill
sh
grep
usertests
README
ln
tester
echo
forktest
balloc: first 462 blocks have been allocated
balloc: write bitmap block at sector 28
rm user/bin/tester
make qemu-nox 
Ctrl+a h for help
/u/c/s/cs537-2/ta/tools/qemu -nographic -hdb fs.img xv6.img -smp 2
Could not open option rom 'sgabios.bin': No such file or directory
xv6...
lapicinit: 1 0xfee00000
cpu1: starting
cpu0: starting
init: starting sh
$ tester
tester


test locks FAILED (0 of 8)
 (test lock correctness)
 Timelimit (10.0s) exceeded

**********************************************************************
Summary:
test build PASSED
 (build xv6 using make)

test clone PASSED (9 of 9)
 (clone and verify that address space is shared)

test badclone PASSED (6 of 6)
 (clone with bad stack argument)

test join4 PASSED (3 of 3)
 (join, not wait, should handle threads)

test thread2 FAILED (0 of 7)
 (memory leaks from thread library?)
 Timelimit (10.0s) exceeded

test join3 FAILED (0 of 3)
 (join should not handle child processes (forked))
 Timelimit (10.0s) exceeded

test join2 FAILED (0 of 6)
 (join argument checking)
 xv6 kernel panic

test clone3 PASSED (3 of 3)
 (clone copies file descriptors, but doesn't share)

test clone2 PASSED (6 of 6)
 (clone and play with the argument)

test stack PASSED (8 of 8)
 (set up stack correctly (and without extra items))

test size FAILED (0 of 7)
 (check that address space size is updated in threads)
 tester failed

test multi FAILED (0 of 8)
 (multiple threads with some depth of function calls)
 Timelimit (10.0s) exceeded

test noexit PASSED (7 of 7)
 (no exit call in thread, should trap at bogus address)

test join PASSED (9 of 9)
 (clone and join syscalls)

test thread PASSED (10 of 10)
 (thread user library functions)

test locks FAILED (0 of 8)
 (test lock correctness)
 Timelimit (10.0s) exceeded

Passed 10 of 16 tests.
Overall 10 of 16
Points 61 of 100
